<?xml version="1.0" encoding="UTF-8"?>
<!-- Generated by org.testng.reporters.JUnitXMLReporter -->
<testsuite ignored="0" hostname="Acer-Aspire" failures="2" tests="6" name="Default test" time="39.987" errors="0" timestamp="2025-08-16T02:13:32 IST">
  <testcase classname="io.cucumber.testng.AbstractTestNGCucumberTests" name="runScenario" time="9.344"/>
  <testcase classname="io.cucumber.testng.AbstractTestNGCucumberTests" name="runScenario" time="5.835">
    <failure type="java.lang.AssertionError" message="Booking succeeded with invalid email. Validation is missing.">
      <![CDATA[java.lang.AssertionError: Booking succeeded with invalid email. Validation is missing.
at org.testng.Assert.fail(Assert.java:111)
at stepDefinitions.FormSteps.user_enters_invalid_email(FormSteps.java:66)
at ✽.the user enters booking form data with an invalid email from "BookingData" and row 3(file:///C:/Users/Pavan/eclipse-workspace/EventManagement/src/test/resources/features/BookingForm.feature:15)
]]>
    </failure>
  </testcase> <!-- runScenario -->
  <testcase classname="io.cucumber.testng.AbstractTestNGCucumberTests" name="runScenario" time="4.945"/>
  <testcase classname="io.cucumber.testng.AbstractTestNGCucumberTests" name="runScenario" time="5.578">
    <failure type="java.lang.AssertionError" message="Booking succeeded with invalid phone number. Validation is missing.">
      <![CDATA[java.lang.AssertionError: Booking succeeded with invalid phone number. Validation is missing.
at org.testng.Assert.fail(Assert.java:111)
at stepDefinitions.FormSteps.user_enters_invalid_phone_number(FormSteps.java:162)
at ✽.the user enters booking form data with an invalid phone number from "BookingData" and row 4(file:///C:/Users/Pavan/eclipse-workspace/EventManagement/src/test/resources/features/BookingForm.feature:27)
]]>
    </failure>
  </testcase> <!-- runScenario -->
  <testcase classname="io.cucumber.testng.AbstractTestNGCucumberTests" name="runScenario" time="8.156"/>
  <testcase classname="io.cucumber.testng.AbstractTestNGCucumberTests" name="runScenario" time="5.513"/>
</testsuite> <!-- Default test -->
